OSError exception encountered while testing gwskgv.accountantOSError exception encountered while testing news1004.accountantKeyError exception encountered while testing yumd3.accountantKeyError exception encountered while testing yumeeo.accountantKeyError exception encountered while testing fusedance.academyKeyError exception encountered while testing yumgsj.accountantKeyError exception encountered while testing www-tb0004.accountantKeyError exception encountered while testing ssc565.accountantKeyError exception encountered while testing new-prizes-of-the-week.accountantKeyError exception encountered while testing 1188hucomv2.accountantKeyError exception encountered while testing ssc567.accountantKeyError exception encountered while testing www-tewuzi9.accountantKeyError exception encountered while testing cfzza.accountantKeyError exception encountered while testing cga82.accountantKeyError exception encountered while testing emt-t-1787942573-1508841341746-2-iz.aarpKeyError exception encountered while testing hno97.accountantKeyError exception encountered while testing hnodvn.accountantKeyError exception encountered while testing ssc571.accountantKeyError exception encountered while testing www-tk180.accountantKeyError exception encountered while testing cgcp.accountantKeyError exception encountered while testing ssc573.accountantKeyError exception encountered while testing hezbaa.accountantKeyError exception encountered while testing newgems.accountantKeyError exception encountered while testing yurfnc.accountantKeyError exception encountered while testing newkmg.accountantKeyError exception encountered while testing emt-t-363370231-1508841592393-2-oly.aarpKeyError exception encountered while testing cgdu1.accountantKeyError exception encountered while testing 1198.accountantKeyError exception encountered while testing hguzme.accountantKeyError exception encountered while testing goultt.accountantKeyError exception encountered while testing yuskzf.accountantKeyError exception encountered while testing hnuhqn.accountantKeyError exception encountered while testing emt-t-508760144-1508837249603-2-fkqab.aarpKeyError exception encountered while testing seon.academyKeyError exception encountered while testing hnuke.accountantKeyError exception encountered while testing mysp.ac
KeyError exception encountered while testing growth.ac
KeyError exception encountered while testing pk.abbott
KeyError exception encountered while testing daddym.ac
KeyError exception encountered while testing michaelmoore.abogado
KeyError exception encountered while testing icas.abogado
KeyError exception encountered while testing prt.abbott
KeyError exception encountered while testing millsimmigration.abogado
KeyError exception encountered while testing choque.abogado
KeyError exception encountered while testing hello.ac
KeyError exception encountered while testing flowerybranch.abogado
KeyError exception encountered while testing leaders.ac
KeyError exception encountered while testing necesitoun.abogado
KeyError exception encountered while testing hirota.ac
KeyError exception encountered while testing negligenciamedica.abogado
KeyError exception encountered while testing dlybr.ac
KeyError exception encountered while testing berlanga.abogado
KeyError exception encountered while testing docent.ac
KeyError exception encountered while testing nortonrosefulbright.abogado
KeyError exception encountered while testing llc.ac
KeyError exception encountered while testing hotelroma.ac
KeyError exception encountered while testing uk.abbott
KeyError exception encountered while testing vascular.abbott
KeyError exception encountered while testing e-college.ac
KeyError exception encountered while testing despachode.abogado
KeyError exception encountered while testing eat.ac
KeyError exception encountered while testing porcentaje.abogado
KeyError exception encountered while testing icuc.ac
KeyError exception encountered while testing quiero.abogado
KeyError exception encountered while testing ecl.ac
KeyError exception encountered while testing ceskarepublika.abbott
KeyError exception encountered while testing reclamarsegurodevida.abogado
KeyError exception encountered while testing ilex.ac
KeyError exception encountered while testing mani.ac
KeyError exception encountered while testing effeff.ac
KeyError exception encountered while testing imc.ac
KeyError exception encountered while testing holland.abbott
KeyError exception encountered while testing watchfree.ac
KeyError exception encountered while testing aaf.ac
KeyError exception encountered while testing mbp.ac
KeyError exception encountered while testing mcs.ac
KeyError exception encountered while testing ireland.abbott
KeyError exception encountered while testing globalaw.abogado
KeyError exception encountered while testing 123moviesonline.ac
KeyError exception encountered while testing eton.ac
KeyError exception encountered while testing aci.ac
KeyError exception encountered while testing letmewatchthis.ac
KeyError exception encountered while testing its.ac
KeyError exception encountered while testing herida.abogado
KeyError exception encountered while testing iua.ac
KeyError exception encountered while testing iuu.ac
KeyError exception encountered while testing acwa.ac
KeyError exception encountered while testing cc.ac
KeyError exception encountered while testing adamchristopher.ac
KeyError exception encountered while testing ceramic.ac
KeyError exception encountered while testing cf.ac
KeyError exception encountered while testing eden.ac
KeyError exception encountered while testing abogadodetrabajo.abogado
KeyError exception encountered while testing ikigai.abogado
KeyError exception encountered while testing validation.abogado
KeyError exception encountered while testing afl.ac
KeyError exception encountered while testing jaimeisern.abogado
KeyError exception encountered while testing joy.ac
KeyError exception encountered while testing whitecase.abogado
KeyError exception encountered while testing neo.ac
KeyError exception encountered while testing jorgefuset.abogado
KeyError exception encountered while testing neuland.ac
KeyError exception encountered while testing all.ac
KeyError exception encountered while testing alexhanna.abogado
KeyError exception encountered while testing williamsconnollyllp.abogado
KeyError exception encountered while testing aporcentaje.abogado
KeyError exception encountered while testing gakuya.ac
KeyError exception encountered while testing implant.ac
KeyError exception encountered while testing confidence.ac
KeyError exception encountered while testing gat.ac
KeyError exception encountered while testing leonardocalvo.abogado
KeyError exception encountered while testing aoi.ac
KeyError exception encountered while testing kbc.ac
KeyError exception encountered while testing aoyama.ac
KeyError exception encountered while testing vpn.ac
KeyError exception encountered while testing grace.ac
KeyError exception encountered while testing pe.abbott
KeyError exception encountered while testing say.ac
KeyError exception encountered while testing artcenter.ac
KeyError exception encountered while testing home.abogado
KeyError exception encountered while testing l.ac
KeyError exception encountered while testing moragues.abogado
KeyError exception encountered while testing emt-t-2043192153-1508835619049-2-mom.aarp
